<?xml version="1.0" encoding="UTF-8"?>
<!-- Generated by org.testng.reporters.JUnitReportReporter -->
<testsuite hostname="DESKTOP-CPG5TUI" failures="0" tests="1" name="com.RegUserWith_CreditCard.tc__By_BuyNow_PopUp" time="55.849" errors="0" timestamp="2023-10-31T08:49:35 IST" skipped="0">
  <testcase classname="com.RegUserWith_CreditCard.tc__By_BuyNow_PopUp" name="byNowButton" time="55.849"/>
  <system-out/>
</testsuite> <!-- com.RegUserWith_CreditCard.tc__By_BuyNow_PopUp -->
