<?xml version="1.0" encoding="UTF-8"?>
<!-- Generated by org.testng.reporters.JUnitReportReporter -->
<testsuite hostname="DESKTOP-CPG5TUI" failures="0" tests="1" name="com.GuestUserWith_GcAndCC.tc__OrderByGC_CC_GuestUser" time="214.968" errors="0" timestamp="2023-10-16T10:52:28 IST" skipped="0">
  <testcase classname="com.GuestUserWith_GcAndCC.tc__OrderByGC_CC_GuestUser" name="paypalFromCheckoutPage" time="214.968"/>
  <system-out/>
</testsuite> <!-- com.GuestUserWith_GcAndCC.tc__OrderByGC_CC_GuestUser -->
