<?xml version="1.0" encoding="UTF-8"?>
<!-- Generated by org.testng.reporters.JUnitReportReporter -->
<testsuite hostname="DESKTOP-39QSRKD" failures="0" tests="1" name="com.GuestUserWith_CreditCard.tc__BySearchingProduct_GuestUser_InCC" time="256.240" errors="0" timestamp="2023-11-21T19:59:49 IST" skipped="0">
  <testcase classname="com.GuestUserWith_CreditCard.tc__BySearchingProduct_GuestUser_InCC" name="bySearchingProduct_GuestUser_InCC" time="256.240"/>
  <system-out/>
</testsuite> <!-- com.GuestUserWith_CreditCard.tc__BySearchingProduct_GuestUser_InCC -->
