<?xml version="1.0" encoding="UTF-8"?>
<!-- Generated by org.testng.reporters.JUnitReportReporter -->
<testsuite hostname="DESKTOP-39QSRKD" failures="0" tests="1" name="com.GuestUserWith_CreditCard.tc__HomePageCLPInCC" time="31.594" errors="0" timestamp="2023-11-28T10:13:03 IST" skipped="0">
  <testcase classname="com.GuestUserWith_CreditCard.tc__HomePageCLPInCC" name="HomePageCLPInCC" time="31.594"/>
  <system-out/>
</testsuite> <!-- com.GuestUserWith_CreditCard.tc__HomePageCLPInCC -->
