<?xml version="1.0" encoding="UTF-8"?>
<!-- Generated by org.testng.reporters.JUnitReportReporter -->
<testsuite hostname="DESKTOP-39QSRKD" failures="0" tests="1" name="com.GuestUserWith_CreditCard.tc__HomePageBannerPLPInCC" time="255.760" errors="0" timestamp="2023-11-28T11:42:24 IST" skipped="0">
  <testcase classname="com.GuestUserWith_CreditCard.tc__HomePageBannerPLPInCC" name="HomePageBannerPLP" time="255.760"/>
  <system-out/>
</testsuite> <!-- com.GuestUserWith_CreditCard.tc__HomePageBannerPLPInCC -->
