<?xml version="1.0" encoding="UTF-8"?>
<!-- Generated by org.testng.reporters.JUnitReportReporter -->
<testsuite hostname="DESKTOP-39QSRKD" failures="0" tests="1" name="com.GuestUserWith_CreditCard.tc__HomePageCLPInCC" time="203.116" errors="0" timestamp="2023-11-23T19:16:06 IST" skipped="0">
  <testcase classname="com.GuestUserWith_CreditCard.tc__HomePageCLPInCC" name="HomePageCLPInCC" time="203.116"/>
  <system-out/>
</testsuite> <!-- com.GuestUserWith_CreditCard.tc__HomePageCLPInCC -->
