<?xml version="1.0" encoding="UTF-8"?>
<!-- Generated by org.testng.reporters.JUnitReportReporter -->
<testsuite hostname="DESKTOP-CPG5TUI" failures="0" tests="1" name="com.RegUserWith_MiniCart_Paypal.tc__BySearchingProduct_Reg_InMC_Paypal" time="74.209" errors="0" timestamp="2023-10-31T10:33:36 IST" skipped="0">
  <testcase classname="com.RegUserWith_MiniCart_Paypal.tc__BySearchingProduct_Reg_InMC_Paypal" name="bySearchingProduct" time="74.209"/>
  <system-out/>
</testsuite> <!-- com.RegUserWith_MiniCart_Paypal.tc__BySearchingProduct_Reg_InMC_Paypal -->
