<?xml version="1.0" encoding="UTF-8"?>
<!-- Generated by org.testng.reporters.JUnitReportReporter -->
<testsuite hostname="DESKTOP-CPG5TUI" failures="0" tests="1" name="com.GuestUserWith_GiftCard.tc__VariationProductForGuestUser_InGiftCard" time="12.275" errors="0" timestamp="2023-10-31T08:49:35 IST" skipped="0">
  <testcase classname="com.GuestUserWith_GiftCard.tc__VariationProductForGuestUser_InGiftCard" name="variationProduct" time="12.275"/>
  <system-out/>
</testsuite> <!-- com.GuestUserWith_GiftCard.tc__VariationProductForGuestUser_InGiftCard -->
