<?xml version="1.0" encoding="UTF-8"?>
<!-- Generated by org.testng.reporters.JUnitReportReporter -->
<testsuite hostname="DESKTOP-39QSRKD" failures="0" tests="1" name="com.eachPagetest.pdppage" time="23.518" errors="0" timestamp="2023-11-22T16:31:27 IST" skipped="0">
  <testcase classname="com.eachPagetest.pdppage" name="testing" time="23.518"/>
  <system-out/>
</testsuite> <!-- com.eachPagetest.pdppage -->
