<?xml version="1.0" encoding="UTF-8"?>
<!-- Generated by org.testng.reporters.JUnitReportReporter -->
<testsuite hostname="DESKTOP-39QSRKD" failures="0" tests="1" name="com.Login.tc__Login" time="31.614" errors="0" timestamp="2023-11-27T12:19:37 IST" skipped="0">
  <testcase classname="com.Login.tc__Login" name="loginTest" time="31.614"/>
  <system-out/>
</testsuite> <!-- com.Login.tc__Login -->
