<?xml version="1.0" encoding="UTF-8"?>
<!-- Generated by org.testng.reporters.JUnitReportReporter -->
<testsuite hostname="DESKTOP-39QSRKD" failures="0" tests="1" name="com.testcases.tc__ProfilePage" time="0.003" errors="0" timestamp="2023-11-21T19:59:49 IST" skipped="0">
  <testcase classname="com.testcases.tc__ProfilePage" name="profilePage" time="0.003"/>
  <system-out/>
</testsuite> <!-- com.testcases.tc__ProfilePage -->
