<?xml version="1.0" encoding="UTF-8"?>
<!-- Generated by org.testng.reporters.JUnitReportReporter -->
<testsuite hostname="Upendra" failures="0" tests="1" name="com.testcases.TC__CreateAccounts" time="22.679" errors="0" timestamp="2023-12-06T13:02:57 IST" skipped="0">
  <testcase classname="com.testcases.TC__CreateAccounts" name="createAccountWithValidCredientials" time="22.679"/>
  <system-out/>
</testsuite> <!-- com.testcases.TC__CreateAccounts -->
