<?xml version="1.0" encoding="UTF-8"?>
<!-- Generated by org.testng.reporters.JUnitReportReporter -->
<testsuite hostname="DESKTOP-39QSRKD" failures="0" tests="1" name="com.RegUserWith_Checkout_Paypal.tc__RegUserHomePageBannerPLPInCheckoutPaypal" time="116.814" errors="0" timestamp="2023-11-21T22:54:27 IST" skipped="0">
  <testcase classname="com.RegUserWith_Checkout_Paypal.tc__RegUserHomePageBannerPLPInCheckoutPaypal" name="HomePageBannerPLPInCheckoutPaypal" time="116.814"/>
  <system-out/>
</testsuite> <!-- com.RegUserWith_Checkout_Paypal.tc__RegUserHomePageBannerPLPInCheckoutPaypal -->
