<?xml version="1.0" encoding="UTF-8"?>
<!-- Generated by org.testng.reporters.JUnitReportReporter -->
<testsuite hostname="DESKTOP-P9MM3AH" failures="0" tests="1" name="com.proviodi.eachPagetest.pdppage" time="41.830" errors="0" timestamp="2023-11-02T17:57:14 IST" skipped="0">
  <testcase classname="com.proviodi.eachPagetest.pdppage" name="testing" time="41.830"/>
  <system-out/>
</testsuite> <!-- com.proviodi.eachPagetest.pdppage -->
