<?xml version="1.0" encoding="UTF-8"?>
<!-- Generated by org.testng.reporters.JUnitReportReporter -->
<testsuite hostname="DESKTOP-CPG5TUI" failures="0" tests="1" name="com.RegUserWith_GcAndPaypal.tc__VariationProductForReg_InGcAndPaypal" time="148.454" errors="0" timestamp="2023-10-31T08:49:35 IST" skipped="0">
  <testcase classname="com.RegUserWith_GcAndPaypal.tc__VariationProductForReg_InGcAndPaypal" name="variationProduct" time="148.454"/>
  <system-out/>
</testsuite> <!-- com.RegUserWith_GcAndPaypal.tc__VariationProductForReg_InGcAndPaypal -->
