<?xml version="1.0" encoding="UTF-8"?>
<!-- Generated by org.testng.reporters.JUnitReportReporter -->
<testsuite hostname="Upendra" failures="0" tests="1" name="com.testcases.tc__ProfilePage" time="0.012" errors="0" timestamp="2023-12-06T13:02:57 IST" skipped="0">
  <testcase classname="com.testcases.tc__ProfilePage" name="profilePage" time="0.012"/>
  <system-out/>
</testsuite> <!-- com.testcases.tc__ProfilePage -->
