<?xml version="1.0" encoding="UTF-8"?>
<!-- Generated by org.testng.reporters.JUnitReportReporter -->
<testsuite hostname="DESKTOP-CPG5TUI" failures="0" tests="1" name="com.RegUserWith_GcAndPaypal.tc__BundleProductForReg_InGcAndPaypal" time="21.250" errors="0" timestamp="2023-10-31T08:49:35 IST" skipped="0">
  <testcase classname="com.RegUserWith_GcAndPaypal.tc__BundleProductForReg_InGcAndPaypal" name="bundleProduct" time="21.250"/>
  <system-out/>
</testsuite> <!-- com.RegUserWith_GcAndPaypal.tc__BundleProductForReg_InGcAndPaypal -->
