<?xml version="1.0" encoding="UTF-8"?>
<!-- Generated by org.testng.reporters.JUnitReportReporter -->
<testsuite hostname="DESKTOP-39QSRKD" failures="0" tests="1" name="com.GuestUserWith_Checkout_Paypal.tc__HomePageBannerPLPInCheckoutPaypal" time="204.859" errors="0" timestamp="2023-11-23T15:57:04 IST" skipped="0">
  <testcase classname="com.GuestUserWith_Checkout_Paypal.tc__HomePageBannerPLPInCheckoutPaypal" name="HomePageBannerPLPInCheckoutPaypal" time="204.859"/>
  <system-out/>
</testsuite> <!-- com.GuestUserWith_Checkout_Paypal.tc__HomePageBannerPLPInCheckoutPaypal -->
