<?xml version="1.0" encoding="UTF-8"?>
<!-- Generated by org.testng.reporters.JUnitReportReporter -->
<testsuite hostname="DESKTOP-39QSRKD" failures="0" tests="1" name="com.GuestUserWith_GcAndPaypal.tc__GuestUserRandomProductFromPDP_InGcAndPaypal" time="218.645" errors="0" timestamp="2023-11-22T21:58:09 IST" skipped="0">
  <testcase classname="com.GuestUserWith_GcAndPaypal.tc__GuestUserRandomProductFromPDP_InGcAndPaypal" name="guestUserRandomProductFromPDP_InGcAndPaypal" time="218.645"/>
  <system-out/>
</testsuite> <!-- com.GuestUserWith_GcAndPaypal.tc__GuestUserRandomProductFromPDP_InGcAndPaypal -->
