<?xml version="1.0" encoding="UTF-8"?>
<!-- Generated by org.testng.reporters.JUnitReportReporter -->
<testsuite hostname="Upendra" failures="0" tests="1" name="com.testcases.Footer" time="9.203" errors="0" timestamp="2023-12-06T13:02:57 IST" skipped="0">
  <testcase classname="com.testcases.Footer" name="footer" time="9.203"/>
  <system-out/>
</testsuite> <!-- com.testcases.Footer -->
