<?xml version="1.0" encoding="UTF-8"?>
<!-- Generated by org.testng.reporters.JUnitReportReporter -->
<testsuite hostname="DESKTOP-CPG5TUI" failures="0" tests="1" name="com.RegUserWith_GiftCard.tc__PaypalFromCheckoutPage_RegUser" time="85.187" errors="0" timestamp="2023-10-14T17:29:14 IST" skipped="0">
  <testcase classname="com.RegUserWith_GiftCard.tc__PaypalFromCheckoutPage_RegUser" name="paypalFromCheckoutPage" time="85.187"/>
  <system-out/>
</testsuite> <!-- com.RegUserWith_GiftCard.tc__PaypalFromCheckoutPage_RegUser -->
