<?xml version="1.0" encoding="UTF-8"?>
<!-- Generated by org.testng.reporters.JUnitReportReporter -->
<testsuite hostname="DESKTOP-P9MM3AH" failures="0" tests="1" name="com.GuestUserWith_CreditCard.tc__HomePageBannerPLP" time="142.980" errors="0" timestamp="2023-11-03T16:40:10 IST" skipped="0">
  <testcase classname="com.GuestUserWith_CreditCard.tc__HomePageBannerPLP" name="HomePageBannerPLP" time="142.980"/>
  <system-out/>
</testsuite> <!-- com.GuestUserWith_CreditCard.tc__HomePageBannerPLP -->
