<?xml version="1.0" encoding="UTF-8"?>
<!-- Generated by org.testng.reporters.JUnitReportReporter -->
<testsuite hostname="DESKTOP-39QSRKD" failures="0" tests="1" name="com.RegUserWith_CreditCard.tc__RegUserRandomProductFromPLP_InCc" time="157.391" errors="0" timestamp="2023-11-22T02:38:38 IST" skipped="0">
  <testcase classname="com.RegUserWith_CreditCard.tc__RegUserRandomProductFromPLP_InCc" name="GuestUserRandomProductFromPLP_InCc" time="157.391"/>
  <system-out/>
</testsuite> <!-- com.RegUserWith_CreditCard.tc__RegUserRandomProductFromPLP_InCc -->
