<?xml version="1.0" encoding="UTF-8"?>
<!-- Generated by org.testng.reporters.JUnitReportReporter -->
<testsuite hostname="DESKTOP-P9MM3AH" failures="0" tests="1" name="com.pageValidations.pageValidations" time="36.880" errors="0" timestamp="2023-11-01T16:59:06 IST" skipped="0">
  <testcase classname="com.pageValidations.pageValidations" name="eachPageValidations" time="36.880"/>
  <system-out/>
</testsuite> <!-- com.pageValidations.pageValidations -->
