<?xml version="1.0" encoding="UTF-8"?>
<!-- Generated by org.testng.reporters.JUnitReportReporter -->
<testsuite hostname="DESKTOP-39QSRKD" failures="0" tests="1" name="com.GuestUserWith_Checkout_Paypal.tc__HomePageCLPInCheckoutPaypal" time="24.018" errors="0" timestamp="2023-11-22T21:58:09 IST" skipped="0">
  <testcase classname="com.GuestUserWith_Checkout_Paypal.tc__HomePageCLPInCheckoutPaypal" name="HomePageCLPInCheckoutPaypal" time="24.018"/>
  <system-out/>
</testsuite> <!-- com.GuestUserWith_Checkout_Paypal.tc__HomePageCLPInCheckoutPaypal -->
