<?xml version="1.0" encoding="UTF-8"?>
<!-- Generated by org.testng.reporters.JUnitReportReporter -->
<testsuite hostname="Upendra" failures="0" tests="1" name="com.GuestUserWith_Checkout_Paypal.tc__GuestUserRandomProductFromPLP_InCheckoutPaypal" time="228.930" errors="0" timestamp="2023-12-01T15:42:32 IST" skipped="0">
  <testcase classname="com.GuestUserWith_Checkout_Paypal.tc__GuestUserRandomProductFromPLP_InCheckoutPaypal" name="GuestUserRandomProductFromPLP_InCheckoutPaypal" time="228.930"/>
  <system-out/>
</testsuite> <!-- com.GuestUserWith_Checkout_Paypal.tc__GuestUserRandomProductFromPLP_InCheckoutPaypal -->
