<?xml version="1.0" encoding="UTF-8"?>
<!-- Generated by org.testng.reporters.JUnitReportReporter -->
<testsuite hostname="Upendra" failures="0" tests="1" name="com.RegUserWith_CreditCard.tc__RegUserHomePageBannerPLPInCC" time="160.180" errors="0" timestamp="2023-12-05T16:45:07 IST" skipped="0">
  <testcase classname="com.RegUserWith_CreditCard.tc__RegUserHomePageBannerPLPInCC" name="HomePageBannerPLP" time="160.180"/>
  <system-out/>
</testsuite> <!-- com.RegUserWith_CreditCard.tc__RegUserHomePageBannerPLPInCC -->
