<?xml version="1.0" encoding="UTF-8"?>
<!-- Generated by org.testng.reporters.JUnitReportReporter -->
<testsuite hostname="DESKTOP-39QSRKD" failures="0" tests="1" name="com.GuestUserWith_Checkout_Paypal.tc__HomePageBannerPLPInCheckoutPaypal" time="259.305" errors="0" timestamp="2023-11-28T11:42:24 IST" skipped="0">
  <testcase classname="com.GuestUserWith_Checkout_Paypal.tc__HomePageBannerPLPInCheckoutPaypal" name="HomePageBannerPLPInCheckoutPaypal" time="259.305"/>
  <system-out/>
</testsuite> <!-- com.GuestUserWith_Checkout_Paypal.tc__HomePageBannerPLPInCheckoutPaypal -->
