<?xml version="1.0" encoding="UTF-8"?>
<!-- Generated by org.testng.reporters.JUnitReportReporter -->
<testsuite hostname="DESKTOP-39QSRKD" failures="0" tests="1" name="com.testcases.tc__BackToTop" time="8.784" errors="0" timestamp="2023-11-27T14:29:19 IST" skipped="0">
  <testcase classname="com.testcases.tc__BackToTop" name="backToTop" time="8.784"/>
  <system-out/>
</testsuite> <!-- com.testcases.tc__BackToTop -->
