<?xml version="1.0" encoding="UTF-8"?>
<!-- Generated by org.testng.reporters.JUnitReportReporter -->
<testsuite hostname="DESKTOP-39QSRKD" failures="0" tests="1" name="com.RegUserWith_Checkout_Paypal.tc__RegUserRandomProductFromPLP_InCheckoutPaypal" time="153.605" errors="0" timestamp="2023-11-22T01:09:29 IST" skipped="0">
  <testcase classname="com.RegUserWith_Checkout_Paypal.tc__RegUserRandomProductFromPLP_InCheckoutPaypal" name="RegUserRandomProductFromPLP_InCheckoutPaypal" time="153.605"/>
  <system-out/>
</testsuite> <!-- com.RegUserWith_Checkout_Paypal.tc__RegUserRandomProductFromPLP_InCheckoutPaypal -->
