<?xml version="1.0" encoding="UTF-8"?>
<!-- Generated by org.testng.reporters.JUnitReportReporter -->
<testsuite hostname="Upendra" failures="0" tests="1" name="com.GuestUserWith_CreditCard.tc__GuestUserRandomProductFromPDP_InCc" time="210.670" errors="0" timestamp="2023-12-06T11:25:48 IST" skipped="0">
  <testcase classname="com.GuestUserWith_CreditCard.tc__GuestUserRandomProductFromPDP_InCc" name="ProductFromPDP" time="210.670"/>
  <system-out/>
</testsuite> <!-- com.GuestUserWith_CreditCard.tc__GuestUserRandomProductFromPDP_InCc -->
