<?xml version="1.0" encoding="UTF-8"?>
<!-- Generated by org.testng.reporters.JUnitReportReporter -->
<testsuite hostname="DESKTOP-39QSRKD" failures="0" tests="1" name="com.GuestUserWith_GiftCard.tc__BySearchingProduct_GuestUser_InGc" time="221.156" errors="0" timestamp="2023-11-22T21:58:09 IST" skipped="0">
  <testcase classname="com.GuestUserWith_GiftCard.tc__BySearchingProduct_GuestUser_InGc" name="bySearchingProduct_GuestUser_InGc" time="221.156"/>
  <system-out/>
</testsuite> <!-- com.GuestUserWith_GiftCard.tc__BySearchingProduct_GuestUser_InGc -->
