<?xml version="1.0" encoding="UTF-8"?>
<!-- Generated by org.testng.reporters.JUnitReportReporter -->
<testsuite hostname="DESKTOP-CPG5TUI" failures="0" tests="1" name="com.providio.testcases.FooterSection" time="11.599" errors="0" timestamp="2023-10-30T17:52:16 IST" skipped="0">
  <testcase classname="com.providio.testcases.FooterSection" name="footerShopByCategoryies" time="11.599"/>
  <system-out/>
</testsuite> <!-- com.providio.testcases.FooterSection -->
