<?xml version="1.0" encoding="UTF-8"?>
<!-- Generated by org.testng.reporters.JUnitReportReporter -->
<testsuite hostname="Upendra" failures="0" tests="1" name="com.Launchingbrowser.launchBrowsering" time="13.172" errors="0" timestamp="2023-12-06T13:02:57 IST" skipped="0">
  <testcase classname="com.Launchingbrowser.launchBrowsering" name="chromeBrowser" time="13.172"/>
  <system-out/>
</testsuite> <!-- com.Launchingbrowser.launchBrowsering -->
