<?xml version="1.0" encoding="UTF-8"?>
<!-- Generated by org.testng.reporters.JUnitReportReporter -->
<testsuite hostname="DESKTOP-CPG5TUI" failures="0" tests="1" name="com.RegUserWith_GcAndCC.tc__ShippingAndBillingAddressDiffer__Reg_InGcAndCC" time="41.621" errors="0" timestamp="2023-10-14T17:29:14 IST" skipped="0">
  <testcase classname="com.RegUserWith_GcAndCC.tc__ShippingAndBillingAddressDiffer__Reg_InGcAndCC" name="shippingAndBillingAddressDiffer_Guest" time="41.621"/>
  <system-out/>
</testsuite> <!-- com.RegUserWith_GcAndCC.tc__ShippingAndBillingAddressDiffer__Reg_InGcAndCC -->
