<?xml version="1.0" encoding="UTF-8"?>
<!-- Generated by org.testng.reporters.JUnitReportReporter -->
<testsuite hostname="DESKTOP-39QSRKD" failures="0" tests="1" name="com.RegUserWith_CreditCard.tc__RegUserHomePageBannerPLPInCC" time="194.007" errors="0" timestamp="2023-11-27T12:19:37 IST" skipped="0">
  <testcase classname="com.RegUserWith_CreditCard.tc__RegUserHomePageBannerPLPInCC" name="HomePageBannerPLP" time="194.007"/>
  <system-out/>
</testsuite> <!-- com.RegUserWith_CreditCard.tc__RegUserHomePageBannerPLPInCC -->
