<?xml version="1.0" encoding="UTF-8"?>
<!-- Generated by org.testng.reporters.JUnitReportReporter -->
<testsuite hostname="DESKTOP-39QSRKD" failures="0" tests="1" name="com.GuestUserWith_CreditCard.tc__GuestUserRandomProductFromPDP_InCc" time="236.082" errors="0" timestamp="2023-11-21T20:26:33 IST" skipped="0">
  <testcase classname="com.GuestUserWith_CreditCard.tc__GuestUserRandomProductFromPDP_InCc" name="ProductFromPDP" time="236.082"/>
  <system-out/>
</testsuite> <!-- com.GuestUserWith_CreditCard.tc__GuestUserRandomProductFromPDP_InCc -->
