<?xml version="1.0" encoding="UTF-8"?>
<!-- Generated by org.testng.reporters.JUnitReportReporter -->
<testsuite hostname="DESKTOP-39QSRKD" failures="0" tests="1" name="com.GuestUserWith_GcAndCC.tc__GuestUserRandomProductFromPDP_InGcAndCc" time="213.485" errors="0" timestamp="2023-11-23T15:57:04 IST" skipped="0">
  <testcase classname="com.GuestUserWith_GcAndCC.tc__GuestUserRandomProductFromPDP_InGcAndCc" name="guestUserRandomProductFromPDP_InGcAndCc" time="213.485"/>
  <system-out/>
</testsuite> <!-- com.GuestUserWith_GcAndCC.tc__GuestUserRandomProductFromPDP_InGcAndCc -->
