<?xml version="1.0" encoding="UTF-8"?>
<!-- Generated by org.testng.reporters.JUnitReportReporter -->
<testsuite hostname="DESKTOP-CPG5TUI" failures="0" tests="1" name="com.GuestUserWith_Checkout_Paypal.tc__PaypalFromCheckoutPage_GuestUser" time="12.592" errors="0" timestamp="2023-10-31T08:49:35 IST" skipped="0">
  <testcase classname="com.GuestUserWith_Checkout_Paypal.tc__PaypalFromCheckoutPage_GuestUser" name="paypalFromCheckoutPage" time="12.592"/>
  <system-out/>
</testsuite> <!-- com.GuestUserWith_Checkout_Paypal.tc__PaypalFromCheckoutPage_GuestUser -->
