<?xml version="1.0" encoding="UTF-8"?>
<!-- Generated by org.testng.reporters.JUnitReportReporter -->
<testsuite hostname="DESKTOP-CPG5TUI" failures="0" tests="1" name="com.RegUserWith_CreditCard.tc__Bundle_GcAndAllPromotions_Reg_InCC" time="205.657" errors="0" timestamp="2023-10-31T08:49:35 IST" skipped="0">
  <testcase classname="com.RegUserWith_CreditCard.tc__Bundle_GcAndAllPromotions_Reg_InCC" name="bundle_GcAndAllPromotions" time="205.657"/>
  <system-out/>
</testsuite> <!-- com.RegUserWith_CreditCard.tc__Bundle_GcAndAllPromotions_Reg_InCC -->
