<?xml version="1.0" encoding="UTF-8"?>
<!-- Generated by org.testng.reporters.JUnitReportReporter -->
<testsuite hostname="DESKTOP-CPG5TUI" failures="0" tests="1" name="com.GuestUserWith_Checkout_Paypal.tc__SimpleProductAndGc_InCheckout_Paypal" time="22.608" errors="0" timestamp="2023-10-31T08:49:35 IST" skipped="0">
  <testcase classname="com.GuestUserWith_Checkout_Paypal.tc__SimpleProductAndGc_InCheckout_Paypal" name="simpleProduct_Gc" time="22.608"/>
  <system-out/>
</testsuite> <!-- com.GuestUserWith_Checkout_Paypal.tc__SimpleProductAndGc_InCheckout_Paypal -->
