<?xml version="1.0" encoding="UTF-8"?>
<!-- Generated by org.testng.reporters.JUnitReportReporter -->
<testsuite hostname="Upendra" failures="0" tests="1" name="com.GuestUserWith_CreditCard.tc__BySearchingProduct_GuestUser_InCC" time="170.715" errors="0" timestamp="2023-12-01T10:54:22 IST" skipped="0">
  <testcase classname="com.GuestUserWith_CreditCard.tc__BySearchingProduct_GuestUser_InCC" name="bySearchingProduct_GuestUser_InCC" time="170.715"/>
  <system-out/>
</testsuite> <!-- com.GuestUserWith_CreditCard.tc__BySearchingProduct_GuestUser_InCC -->
