<?xml version="1.0" encoding="UTF-8"?>
<!-- Generated by org.testng.reporters.JUnitReportReporter -->
<testsuite hostname="DESKTOP-CPG5TUI" failures="0" tests="1" name="com.GuestUserWith_ViewCart_Paypal.tc__VariationProductForGuestUser_InVC_Paypal" time="11.764" errors="0" timestamp="2023-10-31T08:49:35 IST" skipped="0">
  <testcase classname="com.GuestUserWith_ViewCart_Paypal.tc__VariationProductForGuestUser_InVC_Paypal" name="variationProduct" time="11.764"/>
  <system-out/>
</testsuite> <!-- com.GuestUserWith_ViewCart_Paypal.tc__VariationProductForGuestUser_InVC_Paypal -->
