<?xml version="1.0" encoding="UTF-8"?>
<!-- Generated by org.testng.reporters.JUnitReportReporter -->
<testsuite hostname="DESKTOP-CPG5TUI" failures="0" tests="1" name="com.GuestUserWith_CreditCard.tc__BuyNowButton" time="21.117" errors="0" timestamp="2023-10-31T08:49:35 IST" skipped="0">
  <testcase classname="com.GuestUserWith_CreditCard.tc__BuyNowButton" name="buynow" time="21.117"/>
  <system-out/>
</testsuite> <!-- com.GuestUserWith_CreditCard.tc__BuyNowButton -->
