<?xml version="1.0" encoding="UTF-8"?>
<!-- Generated by org.testng.reporters.JUnitReportReporter -->
<testsuite hostname="DESKTOP-CPG5TUI" failures="0" tests="1" name="com.GuestUserWith_GcAndCC.tc__ProductSetForGuestUser_InGcAndCc" time="197.685" errors="0" timestamp="2023-10-31T08:49:35 IST" skipped="0">
  <testcase classname="com.GuestUserWith_GcAndCC.tc__ProductSetForGuestUser_InGcAndCc" name="productSet" time="197.685"/>
  <system-out/>
</testsuite> <!-- com.GuestUserWith_GcAndCC.tc__ProductSetForGuestUser_InGcAndCc -->
