<?xml version="1.0" encoding="UTF-8"?>
<!-- Generated by org.testng.reporters.JUnitReportReporter -->
<testsuite hostname="DESKTOP-39QSRKD" failures="0" tests="1" name="com.testcases.tc__CustomerSupport" time="34.630" errors="0" timestamp="2023-11-24T17:48:16 IST" skipped="0">
  <testcase classname="com.testcases.tc__CustomerSupport" name="customerSuppor" time="34.630"/>
  <system-out/>
</testsuite> <!-- com.testcases.tc__CustomerSupport -->
