<?xml version="1.0" encoding="UTF-8"?>
<!-- Generated by org.testng.reporters.JUnitReportReporter -->
<testsuite hostname="DESKTOP-P9MM3AH" failures="0" tests="1" name="com.GuestUserWith_CreditCard.tc__HomePageBannerPLPInCC" time="238.954" errors="0" timestamp="2023-11-29T19:20:24 IST" skipped="0">
  <testcase classname="com.GuestUserWith_CreditCard.tc__HomePageBannerPLPInCC" name="HomePageBannerPLP" time="238.954"/>
  <system-out/>
</testsuite> <!-- com.GuestUserWith_CreditCard.tc__HomePageBannerPLPInCC -->
