<?xml version="1.0" encoding="UTF-8"?>
<!-- Generated by org.testng.reporters.JUnitReportReporter -->
<testsuite hostname="DESKTOP-P9MM3AH" failures="0" tests="1" name="com.GuestUserWith_CreditCard.tc__HomePageCLPInCC" time="310.710" errors="0" timestamp="2023-11-29T18:42:04 IST" skipped="0">
  <testcase classname="com.GuestUserWith_CreditCard.tc__HomePageCLPInCC" name="HomePageCLPInCC" time="310.710"/>
  <system-out/>
</testsuite> <!-- com.GuestUserWith_CreditCard.tc__HomePageCLPInCC -->
