<?xml version="1.0" encoding="UTF-8"?>
<!-- Generated by org.testng.reporters.JUnitReportReporter -->
<testsuite hostname="DESKTOP-CPG5TUI" failures="0" tests="1" name="com.GuestUserWith_GcAndPaypal.tc__BundleProductForGuestUser_InGcAndPaypal" time="170.899" errors="0" timestamp="2023-10-31T08:49:35 IST" skipped="0">
  <testcase classname="com.GuestUserWith_GcAndPaypal.tc__BundleProductForGuestUser_InGcAndPaypal" name="bundleProduct" time="170.899"/>
  <system-out/>
</testsuite> <!-- com.GuestUserWith_GcAndPaypal.tc__BundleProductForGuestUser_InGcAndPaypal -->
