<?xml version="1.0" encoding="UTF-8"?>
<!-- Generated by org.testng.reporters.JUnitReportReporter -->
<testsuite hostname="DESKTOP-39QSRKD" failures="0" tests="1" name="com.testcases.tc__ForgotPassword" time="19.405" errors="0" timestamp="2023-11-27T12:44:50 IST" skipped="0">
  <testcase classname="com.testcases.tc__ForgotPassword" name="validatingForgotPassword" time="19.405"/>
  <system-out/>
</testsuite> <!-- com.testcases.tc__ForgotPassword -->
