<?xml version="1.0" encoding="UTF-8"?>
<!-- Generated by org.testng.reporters.JUnitReportReporter -->
<testsuite hostname="DESKTOP-39QSRKD" failures="0" tests="1" name="com.GuestUserWith_GcAndPaypal.tc__GuestUserRandomProductFromPLP_InGcAndPaypal" time="233.065" errors="0" timestamp="2023-11-22T21:58:09 IST" skipped="0">
  <testcase classname="com.GuestUserWith_GcAndPaypal.tc__GuestUserRandomProductFromPLP_InGcAndPaypal" name="guestUserRandomProductFromPLP_InGcAndPaypal" time="233.065"/>
  <system-out/>
</testsuite> <!-- com.GuestUserWith_GcAndPaypal.tc__GuestUserRandomProductFromPLP_InGcAndPaypal -->
