<?xml version="1.0" encoding="UTF-8"?>
<!-- Generated by org.testng.reporters.JUnitReportReporter -->
<testsuite hostname="DESKTOP-39QSRKD" failures="0" tests="8" name="com.testcases.tc__createAccount" time="87.449" errors="0" timestamp="2023-11-16T20:14:10 IST" skipped="0">
  <testcase classname="com.testcases.tc__createAccount" name="openBrowserandClickSignInButton" time="14.296"/>
  <system-out/>
  <testcase classname="com.testcases.tc__createAccount" name="passwordMismatch" time="12.903"/>
  <system-out/>
  <testcase classname="com.testcases.tc__createAccount" name="emptyText" time="10.632"/>
  <system-out/>
  <testcase classname="com.testcases.tc__createAccount" name="validatePasswordStrength" time="12.698"/>
  <system-out/>
  <testcase classname="com.testcases.tc__createAccount" name="validatingWithExistingAccount" time="7.736"/>
  <system-out/>
  <testcase classname="com.testcases.tc__createAccount" name="ValidatingEmailformatError" time="7.668"/>
  <system-out/>
  <testcase classname="com.testcases.tc__createAccount" name="validatingPhoneNumError" time="7.700"/>
  <system-out/>
  <testcase classname="com.testcases.tc__createAccount" name="createAccountWithValidCredientials" time="13.816"/>
  <system-out/>
</testsuite> <!-- com.testcases.tc__createAccount -->
