<?xml version="1.0" encoding="UTF-8"?>
<!-- Generated by org.testng.reporters.JUnitReportReporter -->
<testsuite hostname="DESKTOP-39QSRKD" failures="0" tests="1" name="com.GuestUserWith_GcAndPaypal.tc__BySearchingProduct_GuestUser_InGcAndPaypal" time="234.646" errors="0" timestamp="2023-11-22T21:58:09 IST" skipped="0">
  <testcase classname="com.GuestUserWith_GcAndPaypal.tc__BySearchingProduct_GuestUser_InGcAndPaypal" name="bySearchingProduct_GuestUser_InGcAndPaypal" time="234.646"/>
  <system-out/>
</testsuite> <!-- com.GuestUserWith_GcAndPaypal.tc__BySearchingProduct_GuestUser_InGcAndPaypal -->
