<?xml version="1.0" encoding="UTF-8"?>
<!-- Generated by org.testng.reporters.JUnitReportReporter -->
<testsuite hostname="DESKTOP-P9MM3AH" failures="0" tests="1" name="com.Launchingbrowser.launchBrowsering" time="15.719" errors="0" timestamp="2023-11-29T19:20:24 IST" skipped="0">
  <testcase classname="com.Launchingbrowser.launchBrowsering" name="chromeBrowser" time="15.719"/>
  <system-out/>
</testsuite> <!-- com.Launchingbrowser.launchBrowsering -->
