<?xml version="1.0" encoding="UTF-8"?>
<!-- Generated by org.testng.reporters.JUnitReportReporter -->
<testsuite hostname="DESKTOP-39QSRKD" failures="0" tests="1" name="com.GuestUserWith_CreditCard.tc__GuestUserRandomProductFromPDP_InCc" time="153.300" errors="0" timestamp="2023-11-23T19:16:06 IST" skipped="0">
  <testcase classname="com.GuestUserWith_CreditCard.tc__GuestUserRandomProductFromPDP_InCc" name="ProductFromPDP" time="153.300"/>
  <system-out/>
</testsuite> <!-- com.GuestUserWith_CreditCard.tc__GuestUserRandomProductFromPDP_InCc -->
