<?xml version="1.0" encoding="UTF-8"?>
<!-- Generated by org.testng.reporters.JUnitReportReporter -->
<testsuite hostname="DESKTOP-39QSRKD" failures="0" tests="1" name="com.RegUserWith_Checkout_Paypal.tc__RegUserHomePageBannerPLPInCheckoutPaypal" time="160.484" errors="0" timestamp="2023-11-22T23:25:12 IST" skipped="0">
  <testcase classname="com.RegUserWith_Checkout_Paypal.tc__RegUserHomePageBannerPLPInCheckoutPaypal" name="HomePageBannerPLPInCheckoutPaypal" time="160.484"/>
  <system-out/>
</testsuite> <!-- com.RegUserWith_Checkout_Paypal.tc__RegUserHomePageBannerPLPInCheckoutPaypal -->
