<?xml version="1.0" encoding="UTF-8"?>
<!-- Generated by org.testng.reporters.JUnitReportReporter -->
<testsuite hostname="DESKTOP-39QSRKD" failures="0" tests="1" name="com.eachPagetest.pdppage" time="20.073" errors="0" timestamp="2023-11-21T10:48:44 IST" skipped="0">
  <testcase classname="com.eachPagetest.pdppage" name="testing" time="20.073"/>
  <system-out/>
</testsuite> <!-- com.eachPagetest.pdppage -->
